CRITICAL - 2020-03-23 03:55:03 --> Call to undefined function CodeIgniter\Database\MySQLi\mysqli_init()
#0 /var/www/html/group3/system/Database/BaseConnection.php(377): CodeIgniter\Database\MySQLi\Connection->connect(false)
#1 /var/www/html/group3/system/Database/BaseConnection.php(643): CodeIgniter\Database\BaseConnection->initialize()
#2 /var/www/html/group3/app/Models/UsersModel.php(64): CodeIgniter\Database\BaseConnection->query('SELECT 1 FROM u...')
#3 /var/www/html/group3/app/Controllers/Account.php(167): App\Models\UsersModel->user_exists('user')
#4 /var/www/html/group3/system/CodeIgniter.php(910): App\Controllers\Account->create()
#5 /var/www/html/group3/system/CodeIgniter.php(398): CodeIgniter\CodeIgniter->runController(Object(App\Controllers\Account))
#6 /var/www/html/group3/system/CodeIgniter.php(306): CodeIgniter\CodeIgniter->handleRequest(NULL, Object(Config\Cache), false)
#7 /var/www/html/group3/public/index.php(45): CodeIgniter\CodeIgniter->run()
#8 {main}
CRITICAL - 2020-03-23 03:56:08 --> Call to undefined function CodeIgniter\Database\MySQLi\mysqli_init()
#0 /var/www/html/group3/system/Database/BaseConnection.php(377): CodeIgniter\Database\MySQLi\Connection->connect(false)
#1 /var/www/html/group3/system/Database/BaseConnection.php(643): CodeIgniter\Database\BaseConnection->initialize()
#2 /var/www/html/group3/app/Models/UsersModel.php(64): CodeIgniter\Database\BaseConnection->query('SELECT 1 FROM u...')
#3 /var/www/html/group3/app/Controllers/Account.php(167): App\Models\UsersModel->user_exists('user')
#4 /var/www/html/group3/system/CodeIgniter.php(910): App\Controllers\Account->create()
#5 /var/www/html/group3/system/CodeIgniter.php(398): CodeIgniter\CodeIgniter->runController(Object(App\Controllers\Account))
#6 /var/www/html/group3/system/CodeIgniter.php(306): CodeIgniter\CodeIgniter->handleRequest(NULL, Object(Config\Cache), false)
#7 /var/www/html/group3/public/index.php(45): CodeIgniter\CodeIgniter->run()
#8 {main}
