CRITICAL - 2020-03-16 10:33:07 --> syntax error, unexpected '->' (T_OBJECT_OPERATOR)
#0 /var/www/html/group3/system/Autoloader/Autoloader.php(296): CodeIgniter\Autoloader\Autoloader->requireFile('/var/www/html/g...')
#1 /var/www/html/group3/system/Autoloader/Autoloader.php(258): CodeIgniter\Autoloader\Autoloader->loadInNamespace('App\\Models\\User...')
#2 [internal function]: CodeIgniter\Autoloader\Autoloader->loadClass('App\\Models\\User...')
#3 /var/www/html/group3/app/Controllers/Account.php(11): spl_autoload_call('App\\Models\\User...')
#4 /var/www/html/group3/system/CodeIgniter.php(910): App\Controllers\Account->setupdb()
#5 /var/www/html/group3/system/CodeIgniter.php(398): CodeIgniter\CodeIgniter->runController(Object(App\Controllers\Account))
#6 /var/www/html/group3/system/CodeIgniter.php(306): CodeIgniter\CodeIgniter->handleRequest(NULL, Object(Config\Cache), false)
#7 /var/www/html/group3/public/index.php(45): CodeIgniter\CodeIgniter->run()
#8 {main}
CRITICAL - 2020-03-16 10:33:18 --> syntax error, unexpected '->' (T_OBJECT_OPERATOR)
#0 /var/www/html/group3/system/Autoloader/Autoloader.php(296): CodeIgniter\Autoloader\Autoloader->requireFile('/var/www/html/g...')
#1 /var/www/html/group3/system/Autoloader/Autoloader.php(258): CodeIgniter\Autoloader\Autoloader->loadInNamespace('App\\Models\\User...')
#2 [internal function]: CodeIgniter\Autoloader\Autoloader->loadClass('App\\Models\\User...')
#3 /var/www/html/group3/app/Controllers/Account.php(11): spl_autoload_call('App\\Models\\User...')
#4 /var/www/html/group3/system/CodeIgniter.php(910): App\Controllers\Account->setupdb()
#5 /var/www/html/group3/system/CodeIgniter.php(398): CodeIgniter\CodeIgniter->runController(Object(App\Controllers\Account))
#6 /var/www/html/group3/system/CodeIgniter.php(306): CodeIgniter\CodeIgniter->handleRequest(NULL, Object(Config\Cache), false)
#7 /var/www/html/group3/public/index.php(45): CodeIgniter\CodeIgniter->run()
#8 {main}
CRITICAL - 2020-03-16 10:33:45 --> syntax error, unexpected '->' (T_OBJECT_OPERATOR)
#0 /var/www/html/group3/system/Autoloader/Autoloader.php(296): CodeIgniter\Autoloader\Autoloader->requireFile('/var/www/html/g...')
#1 /var/www/html/group3/system/Autoloader/Autoloader.php(258): CodeIgniter\Autoloader\Autoloader->loadInNamespace('App\\Models\\User...')
#2 [internal function]: CodeIgniter\Autoloader\Autoloader->loadClass('App\\Models\\User...')
#3 /var/www/html/group3/app/Controllers/Account.php(11): spl_autoload_call('App\\Models\\User...')
#4 /var/www/html/group3/system/CodeIgniter.php(910): App\Controllers\Account->setupdb()
#5 /var/www/html/group3/system/CodeIgniter.php(398): CodeIgniter\CodeIgniter->runController(Object(App\Controllers\Account))
#6 /var/www/html/group3/system/CodeIgniter.php(306): CodeIgniter\CodeIgniter->handleRequest(NULL, Object(Config\Cache), false)
#7 /var/www/html/group3/public/index.php(45): CodeIgniter\CodeIgniter->run()
#8 {main}
CRITICAL - 2020-03-16 10:33:47 --> syntax error, unexpected '->' (T_OBJECT_OPERATOR)
#0 /var/www/html/group3/system/Autoloader/Autoloader.php(296): CodeIgniter\Autoloader\Autoloader->requireFile('/var/www/html/g...')
#1 /var/www/html/group3/system/Autoloader/Autoloader.php(258): CodeIgniter\Autoloader\Autoloader->loadInNamespace('App\\Models\\User...')
#2 [internal function]: CodeIgniter\Autoloader\Autoloader->loadClass('App\\Models\\User...')
#3 /var/www/html/group3/app/Controllers/Account.php(11): spl_autoload_call('App\\Models\\User...')
#4 /var/www/html/group3/system/CodeIgniter.php(910): App\Controllers\Account->setupdb()
#5 /var/www/html/group3/system/CodeIgniter.php(398): CodeIgniter\CodeIgniter->runController(Object(App\Controllers\Account))
#6 /var/www/html/group3/system/CodeIgniter.php(306): CodeIgniter\CodeIgniter->handleRequest(NULL, Object(Config\Cache), false)
#7 /var/www/html/group3/public/index.php(45): CodeIgniter\CodeIgniter->run()
#8 {main}
CRITICAL - 2020-03-16 10:33:51 --> syntax error, unexpected '->' (T_OBJECT_OPERATOR)
#0 /var/www/html/group3/system/Autoloader/Autoloader.php(296): CodeIgniter\Autoloader\Autoloader->requireFile('/var/www/html/g...')
#1 /var/www/html/group3/system/Autoloader/Autoloader.php(258): CodeIgniter\Autoloader\Autoloader->loadInNamespace('App\\Models\\User...')
#2 [internal function]: CodeIgniter\Autoloader\Autoloader->loadClass('App\\Models\\User...')
#3 /var/www/html/group3/app/Controllers/Account.php(11): spl_autoload_call('App\\Models\\User...')
#4 /var/www/html/group3/system/CodeIgniter.php(910): App\Controllers\Account->setupdb()
#5 /var/www/html/group3/system/CodeIgniter.php(398): CodeIgniter\CodeIgniter->runController(Object(App\Controllers\Account))
#6 /var/www/html/group3/system/CodeIgniter.php(306): CodeIgniter\CodeIgniter->handleRequest(NULL, Object(Config\Cache), false)
#7 /var/www/html/group3/public/index.php(45): CodeIgniter\CodeIgniter->run()
#8 {main}
CRITICAL - 2020-03-16 10:34:41 --> Call to a member function initialize_database() on null
#0 /var/www/html/group3/system/CodeIgniter.php(910): App\Controllers\Account->setupdb()
#1 /var/www/html/group3/system/CodeIgniter.php(398): CodeIgniter\CodeIgniter->runController(Object(App\Controllers\Account))
#2 /var/www/html/group3/system/CodeIgniter.php(306): CodeIgniter\CodeIgniter->handleRequest(NULL, Object(Config\Cache), false)
#3 /var/www/html/group3/public/index.php(45): CodeIgniter\CodeIgniter->run()
#4 {main}
CRITICAL - 2020-03-16 10:34:43 --> Call to a member function initialize_database() on null
#0 /var/www/html/group3/system/CodeIgniter.php(910): App\Controllers\Account->setupdb()
#1 /var/www/html/group3/system/CodeIgniter.php(398): CodeIgniter\CodeIgniter->runController(Object(App\Controllers\Account))
#2 /var/www/html/group3/system/CodeIgniter.php(306): CodeIgniter\CodeIgniter->handleRequest(NULL, Object(Config\Cache), false)
#3 /var/www/html/group3/public/index.php(45): CodeIgniter\CodeIgniter->run()
#4 {main}
CRITICAL - 2020-03-16 10:35:17 --> syntax error, unexpected '->' (T_OBJECT_OPERATOR)
#0 /var/www/html/group3/system/Autoloader/Autoloader.php(296): CodeIgniter\Autoloader\Autoloader->requireFile('/var/www/html/g...')
#1 /var/www/html/group3/system/Autoloader/Autoloader.php(258): CodeIgniter\Autoloader\Autoloader->loadInNamespace('App\\Models\\User...')
#2 [internal function]: CodeIgniter\Autoloader\Autoloader->loadClass('App\\Models\\User...')
#3 /var/www/html/group3/app/Controllers/Account.php(26): spl_autoload_call('App\\Models\\User...')
#4 /var/www/html/group3/system/CodeIgniter.php(910): App\Controllers\Account->create()
#5 /var/www/html/group3/system/CodeIgniter.php(398): CodeIgniter\CodeIgniter->runController(Object(App\Controllers\Account))
#6 /var/www/html/group3/system/CodeIgniter.php(306): CodeIgniter\CodeIgniter->handleRequest(NULL, Object(Config\Cache), false)
#7 /var/www/html/group3/public/index.php(45): CodeIgniter\CodeIgniter->run()
#8 {main}
CRITICAL - 2020-03-16 10:36:38 --> syntax error, unexpected '->' (T_OBJECT_OPERATOR)
#0 /var/www/html/group3/system/Autoloader/Autoloader.php(296): CodeIgniter\Autoloader\Autoloader->requireFile('/var/www/html/g...')
#1 /var/www/html/group3/system/Autoloader/Autoloader.php(258): CodeIgniter\Autoloader\Autoloader->loadInNamespace('App\\Models\\User...')
#2 [internal function]: CodeIgniter\Autoloader\Autoloader->loadClass('App\\Models\\User...')
#3 /var/www/html/group3/app/Controllers/Account.php(26): spl_autoload_call('App\\Models\\User...')
#4 /var/www/html/group3/system/CodeIgniter.php(910): App\Controllers\Account->create()
#5 /var/www/html/group3/system/CodeIgniter.php(398): CodeIgniter\CodeIgniter->runController(Object(App\Controllers\Account))
#6 /var/www/html/group3/system/CodeIgniter.php(306): CodeIgniter\CodeIgniter->handleRequest(NULL, Object(Config\Cache), false)
#7 /var/www/html/group3/public/index.php(45): CodeIgniter\CodeIgniter->run()
#8 {main}
CRITICAL - 2020-03-16 10:36:42 --> syntax error, unexpected '->' (T_OBJECT_OPERATOR)
#0 /var/www/html/group3/system/Autoloader/Autoloader.php(296): CodeIgniter\Autoloader\Autoloader->requireFile('/var/www/html/g...')
#1 /var/www/html/group3/system/Autoloader/Autoloader.php(258): CodeIgniter\Autoloader\Autoloader->loadInNamespace('App\\Models\\User...')
#2 [internal function]: CodeIgniter\Autoloader\Autoloader->loadClass('App\\Models\\User...')
#3 /var/www/html/group3/app/Controllers/Account.php(26): spl_autoload_call('App\\Models\\User...')
#4 /var/www/html/group3/system/CodeIgniter.php(910): App\Controllers\Account->create()
#5 /var/www/html/group3/system/CodeIgniter.php(398): CodeIgniter\CodeIgniter->runController(Object(App\Controllers\Account))
#6 /var/www/html/group3/system/CodeIgniter.php(306): CodeIgniter\CodeIgniter->handleRequest(NULL, Object(Config\Cache), false)
#7 /var/www/html/group3/public/index.php(45): CodeIgniter\CodeIgniter->run()
#8 {main}
CRITICAL - 2020-03-16 10:39:10 --> syntax error, unexpected '->' (T_OBJECT_OPERATOR)
#0 /var/www/html/group3/system/Autoloader/Autoloader.php(296): CodeIgniter\Autoloader\Autoloader->requireFile('/var/www/html/g...')
#1 /var/www/html/group3/system/Autoloader/Autoloader.php(258): CodeIgniter\Autoloader\Autoloader->loadInNamespace('App\\Models\\User...')
#2 [internal function]: CodeIgniter\Autoloader\Autoloader->loadClass('App\\Models\\User...')
#3 /var/www/html/group3/app/Controllers/Account.php(26): spl_autoload_call('App\\Models\\User...')
#4 /var/www/html/group3/system/CodeIgniter.php(910): App\Controllers\Account->create()
#5 /var/www/html/group3/system/CodeIgniter.php(398): CodeIgniter\CodeIgniter->runController(Object(App\Controllers\Account))
#6 /var/www/html/group3/system/CodeIgniter.php(306): CodeIgniter\CodeIgniter->handleRequest(NULL, Object(Config\Cache), false)
#7 /var/www/html/group3/public/index.php(45): CodeIgniter\CodeIgniter->run()
#8 {main}
CRITICAL - 2020-03-16 10:39:56 --> syntax error, unexpected '->' (T_OBJECT_OPERATOR)
#0 /var/www/html/group3/system/Autoloader/Autoloader.php(296): CodeIgniter\Autoloader\Autoloader->requireFile('/var/www/html/g...')
#1 /var/www/html/group3/system/Autoloader/Autoloader.php(258): CodeIgniter\Autoloader\Autoloader->loadInNamespace('App\\Models\\User...')
#2 [internal function]: CodeIgniter\Autoloader\Autoloader->loadClass('App\\Models\\User...')
#3 /var/www/html/group3/app/Controllers/Account.php(26): spl_autoload_call('App\\Models\\User...')
#4 /var/www/html/group3/system/CodeIgniter.php(910): App\Controllers\Account->create()
#5 /var/www/html/group3/system/CodeIgniter.php(398): CodeIgniter\CodeIgniter->runController(Object(App\Controllers\Account))
#6 /var/www/html/group3/system/CodeIgniter.php(306): CodeIgniter\CodeIgniter->handleRequest(NULL, Object(Config\Cache), false)
#7 /var/www/html/group3/public/index.php(45): CodeIgniter\CodeIgniter->run()
#8 {main}
CRITICAL - 2020-03-16 10:39:58 --> syntax error, unexpected '->' (T_OBJECT_OPERATOR)
#0 /var/www/html/group3/system/Autoloader/Autoloader.php(296): CodeIgniter\Autoloader\Autoloader->requireFile('/var/www/html/g...')
#1 /var/www/html/group3/system/Autoloader/Autoloader.php(258): CodeIgniter\Autoloader\Autoloader->loadInNamespace('App\\Models\\User...')
#2 [internal function]: CodeIgniter\Autoloader\Autoloader->loadClass('App\\Models\\User...')
#3 /var/www/html/group3/app/Controllers/Account.php(26): spl_autoload_call('App\\Models\\User...')
#4 /var/www/html/group3/system/CodeIgniter.php(910): App\Controllers\Account->create()
#5 /var/www/html/group3/system/CodeIgniter.php(398): CodeIgniter\CodeIgniter->runController(Object(App\Controllers\Account))
#6 /var/www/html/group3/system/CodeIgniter.php(306): CodeIgniter\CodeIgniter->handleRequest(NULL, Object(Config\Cache), false)
#7 /var/www/html/group3/public/index.php(45): CodeIgniter\CodeIgniter->run()
#8 {main}
CRITICAL - 2020-03-16 10:40:03 --> syntax error, unexpected '->' (T_OBJECT_OPERATOR)
#0 /var/www/html/group3/system/Autoloader/Autoloader.php(296): CodeIgniter\Autoloader\Autoloader->requireFile('/var/www/html/g...')
#1 /var/www/html/group3/system/Autoloader/Autoloader.php(258): CodeIgniter\Autoloader\Autoloader->loadInNamespace('App\\Models\\User...')
#2 [internal function]: CodeIgniter\Autoloader\Autoloader->loadClass('App\\Models\\User...')
#3 /var/www/html/group3/app/Controllers/Account.php(26): spl_autoload_call('App\\Models\\User...')
#4 /var/www/html/group3/system/CodeIgniter.php(910): App\Controllers\Account->create()
#5 /var/www/html/group3/system/CodeIgniter.php(398): CodeIgniter\CodeIgniter->runController(Object(App\Controllers\Account))
#6 /var/www/html/group3/system/CodeIgniter.php(306): CodeIgniter\CodeIgniter->handleRequest(NULL, Object(Config\Cache), false)
#7 /var/www/html/group3/public/index.php(45): CodeIgniter\CodeIgniter->run()
#8 {main}
CRITICAL - 2020-03-16 10:44:51 --> syntax error, unexpected '->' (T_OBJECT_OPERATOR)
#0 /var/www/html/group3/system/Autoloader/Autoloader.php(296): CodeIgniter\Autoloader\Autoloader->requireFile('/var/www/html/g...')
#1 /var/www/html/group3/system/Autoloader/Autoloader.php(258): CodeIgniter\Autoloader\Autoloader->loadInNamespace('App\\Models\\User...')
#2 [internal function]: CodeIgniter\Autoloader\Autoloader->loadClass('App\\Models\\User...')
#3 /var/www/html/group3/app/Controllers/Account.php(26): spl_autoload_call('App\\Models\\User...')
#4 /var/www/html/group3/system/CodeIgniter.php(910): App\Controllers\Account->create()
#5 /var/www/html/group3/system/CodeIgniter.php(398): CodeIgniter\CodeIgniter->runController(Object(App\Controllers\Account))
#6 /var/www/html/group3/system/CodeIgniter.php(306): CodeIgniter\CodeIgniter->handleRequest(NULL, Object(Config\Cache), false)
#7 /var/www/html/group3/public/index.php(45): CodeIgniter\CodeIgniter->run()
#8 {main}
CRITICAL - 2020-03-16 10:47:10 --> syntax error, unexpected '->' (T_OBJECT_OPERATOR)
#0 /var/www/html/group3/system/Autoloader/Autoloader.php(296): CodeIgniter\Autoloader\Autoloader->requireFile('/var/www/html/g...')
#1 /var/www/html/group3/system/Autoloader/Autoloader.php(258): CodeIgniter\Autoloader\Autoloader->loadInNamespace('App\\Models\\User...')
#2 [internal function]: CodeIgniter\Autoloader\Autoloader->loadClass('App\\Models\\User...')
#3 /var/www/html/group3/app/Controllers/Account.php(26): spl_autoload_call('App\\Models\\User...')
#4 /var/www/html/group3/system/CodeIgniter.php(910): App\Controllers\Account->create()
#5 /var/www/html/group3/system/CodeIgniter.php(398): CodeIgniter\CodeIgniter->runController(Object(App\Controllers\Account))
#6 /var/www/html/group3/system/CodeIgniter.php(306): CodeIgniter\CodeIgniter->handleRequest(NULL, Object(Config\Cache), false)
#7 /var/www/html/group3/public/index.php(45): CodeIgniter\CodeIgniter->run()
#8 {main}
CRITICAL - 2020-03-16 10:49:23 --> syntax error, unexpected '->' (T_OBJECT_OPERATOR)
#0 /var/www/html/group3/system/Autoloader/Autoloader.php(296): CodeIgniter\Autoloader\Autoloader->requireFile('/var/www/html/g...')
#1 /var/www/html/group3/system/Autoloader/Autoloader.php(258): CodeIgniter\Autoloader\Autoloader->loadInNamespace('App\\Models\\User...')
#2 [internal function]: CodeIgniter\Autoloader\Autoloader->loadClass('App\\Models\\User...')
#3 /var/www/html/group3/app/Controllers/Account.php(26): spl_autoload_call('App\\Models\\User...')
#4 /var/www/html/group3/system/CodeIgniter.php(910): App\Controllers\Account->create()
#5 /var/www/html/group3/system/CodeIgniter.php(398): CodeIgniter\CodeIgniter->runController(Object(App\Controllers\Account))
#6 /var/www/html/group3/system/CodeIgniter.php(306): CodeIgniter\CodeIgniter->handleRequest(NULL, Object(Config\Cache), false)
#7 /var/www/html/group3/public/index.php(45): CodeIgniter\CodeIgniter->run()
#8 {main}
CRITICAL - 2020-03-16 10:50:16 --> Call to undefined function CodeIgniter\Database\MySQLi\mysqli_init()
#0 /var/www/html/group3/system/Database/BaseConnection.php(377): CodeIgniter\Database\MySQLi\Connection->connect(false)
#1 /var/www/html/group3/system/Database/BaseConnection.php(643): CodeIgniter\Database\BaseConnection->initialize()
#2 /var/www/html/group3/app/Models/UsersModel.php(15): CodeIgniter\Database\BaseConnection->query('SELECT 1 FROM u...')
#3 /var/www/html/group3/app/Controllers/Account.php(29): App\Models\UsersModel->user_exists('sdf')
#4 /var/www/html/group3/system/CodeIgniter.php(910): App\Controllers\Account->create()
#5 /var/www/html/group3/system/CodeIgniter.php(398): CodeIgniter\CodeIgniter->runController(Object(App\Controllers\Account))
#6 /var/www/html/group3/system/CodeIgniter.php(306): CodeIgniter\CodeIgniter->handleRequest(NULL, Object(Config\Cache), false)
#7 /var/www/html/group3/public/index.php(45): CodeIgniter\CodeIgniter->run()
#8 {main}
CRITICAL - 2020-03-16 10:51:54 --> syntax error, unexpected '->' (T_OBJECT_OPERATOR)
#0 /var/www/html/group3/system/Autoloader/Autoloader.php(296): CodeIgniter\Autoloader\Autoloader->requireFile('/var/www/html/g...')
#1 /var/www/html/group3/system/Autoloader/Autoloader.php(258): CodeIgniter\Autoloader\Autoloader->loadInNamespace('App\\Models\\User...')
#2 [internal function]: CodeIgniter\Autoloader\Autoloader->loadClass('App\\Models\\User...')
#3 /var/www/html/group3/app/Controllers/Account.php(26): spl_autoload_call('App\\Models\\User...')
#4 /var/www/html/group3/system/CodeIgniter.php(910): App\Controllers\Account->create()
#5 /var/www/html/group3/system/CodeIgniter.php(398): CodeIgniter\CodeIgniter->runController(Object(App\Controllers\Account))
#6 /var/www/html/group3/system/CodeIgniter.php(306): CodeIgniter\CodeIgniter->handleRequest(NULL, Object(Config\Cache), false)
#7 /var/www/html/group3/public/index.php(45): CodeIgniter\CodeIgniter->run()
#8 {main}
CRITICAL - 2020-03-16 10:52:12 --> Duplicate entry '0' for key 'PRIMARY'
#0 /var/www/html/group3/system/Database/MySQLi/Connection.php(330): mysqli->query('INSERT INTO `us...')
#1 /var/www/html/group3/system/Database/BaseConnection.php(738): CodeIgniter\Database\MySQLi\Connection->execute('INSERT INTO `us...')
#2 /var/www/html/group3/system/Database/BaseConnection.php(666): CodeIgniter\Database\BaseConnection->simpleQuery('INSERT INTO `us...')
#3 /var/www/html/group3/system/Database/BaseBuilder.php(2206): CodeIgniter\Database\BaseConnection->query('INSERT INTO `us...', Array, false)
#4 /var/www/html/group3/system/Model.php(722): CodeIgniter\Database\BaseBuilder->insert()
#5 /var/www/html/group3/system/Model.php(550): CodeIgniter\Model->insert(Array, false)
#6 /var/www/html/group3/app/Controllers/Account.php(52): CodeIgniter\Model->save(Array)
#7 /var/www/html/group3/system/CodeIgniter.php(910): App\Controllers\Account->create()
#8 /var/www/html/group3/system/CodeIgniter.php(398): CodeIgniter\CodeIgniter->runController(Object(App\Controllers\Account))
#9 /var/www/html/group3/system/CodeIgniter.php(306): CodeIgniter\CodeIgniter->handleRequest(NULL, Object(Config\Cache), false)
#10 /var/www/html/group3/public/index.php(45): CodeIgniter\CodeIgniter->run()
#11 {main}
CRITICAL - 2020-03-16 10:54:13 --> Incorrect table definition; there can be only one auto column and it must be defined as a key
#0 /var/www/html/group3/system/Database/MySQLi/Connection.php(330): mysqli->query('CREATE TABLE us...')
#1 /var/www/html/group3/system/Database/BaseConnection.php(738): CodeIgniter\Database\MySQLi\Connection->execute('CREATE TABLE us...')
#2 /var/www/html/group3/system/Database/BaseConnection.php(666): CodeIgniter\Database\BaseConnection->simpleQuery('CREATE TABLE us...')
#3 /var/www/html/group3/app/Models/UsersModel.php(29): CodeIgniter\Database\BaseConnection->query('CREATE TABLE us...')
#4 /var/www/html/group3/app/Controllers/Account.php(12): App\Models\UsersModel->initialize_database()
#5 /var/www/html/group3/system/CodeIgniter.php(910): App\Controllers\Account->setupdb()
#6 /var/www/html/group3/system/CodeIgniter.php(398): CodeIgniter\CodeIgniter->runController(Object(App\Controllers\Account))
#7 /var/www/html/group3/system/CodeIgniter.php(306): CodeIgniter\CodeIgniter->handleRequest(NULL, Object(Config\Cache), false)
#8 /var/www/html/group3/public/index.php(45): CodeIgniter\CodeIgniter->run()
#9 {main}
CRITICAL - 2020-03-16 10:54:44 --> Array to string conversion
#0 /var/www/html/group3/app/Models/UsersModel.php(35): CodeIgniter\Debug\Exceptions->errorHandler(8, 'Array to string...', '/var/www/html/g...', 35, Array)
#1 /var/www/html/group3/app/Controllers/Account.php(12): App\Models\UsersModel->initialize_database()
#2 /var/www/html/group3/system/CodeIgniter.php(910): App\Controllers\Account->setupdb()
#3 /var/www/html/group3/system/CodeIgniter.php(398): CodeIgniter\CodeIgniter->runController(Object(App\Controllers\Account))
#4 /var/www/html/group3/system/CodeIgniter.php(306): CodeIgniter\CodeIgniter->handleRequest(NULL, Object(Config\Cache), false)
#5 /var/www/html/group3/public/index.php(45): CodeIgniter\CodeIgniter->run()
#6 {main}
CRITICAL - 2020-03-16 10:57:01 --> Table 'db.users' doesn't exist
#0 /var/www/html/group3/system/Database/MySQLi/Connection.php(330): mysqli->query('SELECT 1 FROM u...')
#1 /var/www/html/group3/system/Database/BaseConnection.php(738): CodeIgniter\Database\MySQLi\Connection->execute('SELECT 1 FROM u...')
#2 /var/www/html/group3/system/Database/BaseConnection.php(666): CodeIgniter\Database\BaseConnection->simpleQuery('SELECT 1 FROM u...')
#3 /var/www/html/group3/app/Models/UsersModel.php(15): CodeIgniter\Database\BaseConnection->query('SELECT 1 FROM u...')
#4 /var/www/html/group3/app/Controllers/Account.php(29): App\Models\UsersModel->user_exists('asdfasdf')
#5 /var/www/html/group3/system/CodeIgniter.php(910): App\Controllers\Account->create()
#6 /var/www/html/group3/system/CodeIgniter.php(398): CodeIgniter\CodeIgniter->runController(Object(App\Controllers\Account))
#7 /var/www/html/group3/system/CodeIgniter.php(306): CodeIgniter\CodeIgniter->handleRequest(NULL, Object(Config\Cache), false)
#8 /var/www/html/group3/public/index.php(45): CodeIgniter\CodeIgniter->run()
#9 {main}
CRITICAL - 2020-03-16 11:01:38 --> Table 'db.users' doesn't exist
#0 /var/www/html/group3/system/Database/MySQLi/Connection.php(330): mysqli->query('SELECT 1 FROM u...')
#1 /var/www/html/group3/system/Database/BaseConnection.php(738): CodeIgniter\Database\MySQLi\Connection->execute('SELECT 1 FROM u...')
#2 /var/www/html/group3/system/Database/BaseConnection.php(666): CodeIgniter\Database\BaseConnection->simpleQuery('SELECT 1 FROM u...')
#3 /var/www/html/group3/app/Models/UsersModel.php(15): CodeIgniter\Database\BaseConnection->query('SELECT 1 FROM u...')
#4 /var/www/html/group3/app/Controllers/Account.php(29): App\Models\UsersModel->user_exists('g')
#5 /var/www/html/group3/system/CodeIgniter.php(910): App\Controllers\Account->create()
#6 /var/www/html/group3/system/CodeIgniter.php(398): CodeIgniter\CodeIgniter->runController(Object(App\Controllers\Account))
#7 /var/www/html/group3/system/CodeIgniter.php(306): CodeIgniter\CodeIgniter->handleRequest(NULL, Object(Config\Cache), false)
#8 /var/www/html/group3/public/index.php(45): CodeIgniter\CodeIgniter->run()
#9 {main}
CRITICAL - 2020-03-16 11:02:57 --> Table 'users' already exists
#0 /var/www/html/group3/system/Database/MySQLi/Connection.php(330): mysqli->query('CREATE TABLE us...')
#1 /var/www/html/group3/system/Database/BaseConnection.php(738): CodeIgniter\Database\MySQLi\Connection->execute('CREATE TABLE us...')
#2 /var/www/html/group3/system/Database/BaseConnection.php(666): CodeIgniter\Database\BaseConnection->simpleQuery('CREATE TABLE us...')
#3 /var/www/html/group3/app/Models/UsersModel.php(29): CodeIgniter\Database\BaseConnection->query('CREATE TABLE us...')
#4 /var/www/html/group3/app/Controllers/Account.php(12): App\Models\UsersModel->initialize_database()
#5 /var/www/html/group3/system/CodeIgniter.php(910): App\Controllers\Account->setupdb()
#6 /var/www/html/group3/system/CodeIgniter.php(398): CodeIgniter\CodeIgniter->runController(Object(App\Controllers\Account))
#7 /var/www/html/group3/system/CodeIgniter.php(306): CodeIgniter\CodeIgniter->handleRequest(NULL, Object(Config\Cache), false)
#8 /var/www/html/group3/public/index.php(45): CodeIgniter\CodeIgniter->run()
#9 {main}
CRITICAL - 2020-03-16 11:03:03 --> Undefined variable: data
#0 /var/www/html/group3/app/Controllers/Account.php(13): CodeIgniter\Debug\Exceptions->errorHandler(8, 'Undefined varia...', '/var/www/html/g...', 13, Array)
#1 /var/www/html/group3/system/CodeIgniter.php(910): App\Controllers\Account->setupdb()
#2 /var/www/html/group3/system/CodeIgniter.php(398): CodeIgniter\CodeIgniter->runController(Object(App\Controllers\Account))
#3 /var/www/html/group3/system/CodeIgniter.php(306): CodeIgniter\CodeIgniter->handleRequest(NULL, Object(Config\Cache), false)
#4 /var/www/html/group3/public/index.php(45): CodeIgniter\CodeIgniter->run()
#5 {main}
CRITICAL - 2020-03-16 11:03:29 --> Table 'users' already exists
#0 /var/www/html/group3/system/Database/MySQLi/Connection.php(330): mysqli->query('CREATE TABLE us...')
#1 /var/www/html/group3/system/Database/BaseConnection.php(738): CodeIgniter\Database\MySQLi\Connection->execute('CREATE TABLE us...')
#2 /var/www/html/group3/system/Database/BaseConnection.php(666): CodeIgniter\Database\BaseConnection->simpleQuery('CREATE TABLE us...')
#3 /var/www/html/group3/app/Models/UsersModel.php(29): CodeIgniter\Database\BaseConnection->query('CREATE TABLE us...')
#4 /var/www/html/group3/app/Controllers/Account.php(12): App\Models\UsersModel->initialize_database()
#5 /var/www/html/group3/system/CodeIgniter.php(910): App\Controllers\Account->setupdb()
#6 /var/www/html/group3/system/CodeIgniter.php(398): CodeIgniter\CodeIgniter->runController(Object(App\Controllers\Account))
#7 /var/www/html/group3/system/CodeIgniter.php(306): CodeIgniter\CodeIgniter->handleRequest(NULL, Object(Config\Cache), false)
#8 /var/www/html/group3/public/index.php(45): CodeIgniter\CodeIgniter->run()
#9 {main}
CRITICAL - 2020-03-16 11:04:15 --> Table 'users' already exists
#0 /var/www/html/group3/system/Database/MySQLi/Connection.php(330): mysqli->query('CREATE TABLE us...')
#1 /var/www/html/group3/system/Database/BaseConnection.php(738): CodeIgniter\Database\MySQLi\Connection->execute('CREATE TABLE us...')
#2 /var/www/html/group3/system/Database/BaseConnection.php(666): CodeIgniter\Database\BaseConnection->simpleQuery('CREATE TABLE us...')
#3 /var/www/html/group3/app/Models/UsersModel.php(29): CodeIgniter\Database\BaseConnection->query('CREATE TABLE us...')
#4 /var/www/html/group3/app/Controllers/Account.php(12): App\Models\UsersModel->initialize_database()
#5 /var/www/html/group3/system/CodeIgniter.php(910): App\Controllers\Account->setupdb()
#6 /var/www/html/group3/system/CodeIgniter.php(398): CodeIgniter\CodeIgniter->runController(Object(App\Controllers\Account))
#7 /var/www/html/group3/system/CodeIgniter.php(306): CodeIgniter\CodeIgniter->handleRequest(NULL, Object(Config\Cache), false)
#8 /var/www/html/group3/public/index.php(45): CodeIgniter\CodeIgniter->run()
#9 {main}
CRITICAL - 2020-03-16 11:05:59 --> Table 'users' already exists
#0 /var/www/html/group3/system/Database/MySQLi/Connection.php(330): mysqli->query('CREATE TABLE us...')
#1 /var/www/html/group3/system/Database/BaseConnection.php(738): CodeIgniter\Database\MySQLi\Connection->execute('CREATE TABLE us...')
#2 /var/www/html/group3/system/Database/BaseConnection.php(666): CodeIgniter\Database\BaseConnection->simpleQuery('CREATE TABLE us...')
#3 /var/www/html/group3/app/Models/UsersModel.php(29): CodeIgniter\Database\BaseConnection->query('CREATE TABLE us...')
#4 /var/www/html/group3/app/Controllers/Account.php(12): App\Models\UsersModel->initialize_database()
#5 /var/www/html/group3/system/CodeIgniter.php(910): App\Controllers\Account->setupdb()
#6 /var/www/html/group3/system/CodeIgniter.php(398): CodeIgniter\CodeIgniter->runController(Object(App\Controllers\Account))
#7 /var/www/html/group3/system/CodeIgniter.php(306): CodeIgniter\CodeIgniter->handleRequest(NULL, Object(Config\Cache), false)
#8 /var/www/html/group3/public/index.php(45): CodeIgniter\CodeIgniter->run()
#9 {main}
CRITICAL - 2020-03-16 11:08:41 --> syntax error, unexpected '}'
#0 /var/www/html/group3/system/Autoloader/Autoloader.php(296): CodeIgniter\Autoloader\Autoloader->requireFile('/var/www/html/g...')
#1 /var/www/html/group3/system/Autoloader/Autoloader.php(258): CodeIgniter\Autoloader\Autoloader->loadInNamespace('App\\Models\\User...')
#2 [internal function]: CodeIgniter\Autoloader\Autoloader->loadClass('App\\Models\\User...')
#3 /var/www/html/group3/app/Controllers/Account.php(11): spl_autoload_call('App\\Models\\User...')
#4 /var/www/html/group3/system/CodeIgniter.php(910): App\Controllers\Account->setupdb()
#5 /var/www/html/group3/system/CodeIgniter.php(398): CodeIgniter\CodeIgniter->runController(Object(App\Controllers\Account))
#6 /var/www/html/group3/system/CodeIgniter.php(306): CodeIgniter\CodeIgniter->handleRequest(NULL, Object(Config\Cache), false)
#7 /var/www/html/group3/public/index.php(45): CodeIgniter\CodeIgniter->run()
#8 {main}
CRITICAL - 2020-03-16 11:15:17 --> Use of undefined constant success - assumed 'success' (this will throw an Error in a future version of PHP)
#0 /var/www/html/group3/app/Controllers/Account.php(16): CodeIgniter\Debug\Exceptions->errorHandler(2, 'Use of undefine...', '/var/www/html/g...', 16, Array)
#1 /var/www/html/group3/system/CodeIgniter.php(910): App\Controllers\Account->setupdb()
#2 /var/www/html/group3/system/CodeIgniter.php(398): CodeIgniter\CodeIgniter->runController(Object(App\Controllers\Account))
#3 /var/www/html/group3/system/CodeIgniter.php(306): CodeIgniter\CodeIgniter->handleRequest(NULL, Object(Config\Cache), false)
#4 /var/www/html/group3/public/index.php(45): CodeIgniter\CodeIgniter->run()
#5 {main}
CRITICAL - 2020-03-16 11:26:05 --> Too few arguments to function App\Models\UsersModel::check_credentials(), 0 passed in /var/www/html/group3/app/Controllers/Account.php on line 75 and exactly 2 expected
#0 /var/www/html/group3/app/Controllers/Account.php(75): App\Models\UsersModel->check_credentials()
#1 /var/www/html/group3/system/CodeIgniter.php(910): App\Controllers\Account->authenticate()
#2 /var/www/html/group3/system/CodeIgniter.php(398): CodeIgniter\CodeIgniter->runController(Object(App\Controllers\Account))
#3 /var/www/html/group3/system/CodeIgniter.php(306): CodeIgniter\CodeIgniter->handleRequest(NULL, Object(Config\Cache), false)
#4 /var/www/html/group3/public/index.php(45): CodeIgniter\CodeIgniter->run()
#5 {main}
CRITICAL - 2020-03-16 11:26:20 --> Operand should contain 1 column(s)
#0 /var/www/html/group3/system/Database/MySQLi/Connection.php(330): mysqli->query('SELECT 1 FROM u...')
#1 /var/www/html/group3/system/Database/BaseConnection.php(738): CodeIgniter\Database\MySQLi\Connection->execute('SELECT 1 FROM u...')
#2 /var/www/html/group3/system/Database/BaseConnection.php(666): CodeIgniter\Database\BaseConnection->simpleQuery('SELECT 1 FROM u...')
#3 /var/www/html/group3/app/Models/UsersModel.php(28): CodeIgniter\Database\BaseConnection->query('SELECT 1 FROM u...')
#4 /var/www/html/group3/app/Controllers/Account.php(75): App\Models\UsersModel->check_credentials('asdf', 'adsf')
#5 /var/www/html/group3/system/CodeIgniter.php(910): App\Controllers\Account->authenticate()
#6 /var/www/html/group3/system/CodeIgniter.php(398): CodeIgniter\CodeIgniter->runController(Object(App\Controllers\Account))
#7 /var/www/html/group3/system/CodeIgniter.php(306): CodeIgniter\CodeIgniter->handleRequest(NULL, Object(Config\Cache), false)
#8 /var/www/html/group3/public/index.php(45): CodeIgniter\CodeIgniter->run()
#9 {main}
