CRITICAL - 2020-03-22 15:04:44 --> Undefined variable: balance
#0 /var/www/html/group3/app/Views/templates/nav.php(16): CodeIgniter\Debug\Exceptions->errorHandler(8, 'Undefined varia...', '/var/www/html/g...', 16, Array)
#1 /var/www/html/group3/system/View/View.php(236): include('/var/www/html/g...')
#2 /var/www/html/group3/system/Common.php(1071): CodeIgniter\View\View->render('templates/nav', Array, true)
#3 /var/www/html/group3/app/Controllers/Pages.php(68): view('templates/nav', Array)
#4 /var/www/html/group3/app/Controllers/Pages.php(23): App\Controllers\Pages->generateNavBar()
#5 /var/www/html/group3/app/Controllers/Pages.php(12): App\Controllers\Pages->get('home')
#6 /var/www/html/group3/system/CodeIgniter.php(910): App\Controllers\Pages->index()
#7 /var/www/html/group3/system/CodeIgniter.php(398): CodeIgniter\CodeIgniter->runController(Object(App\Controllers\Pages))
#8 /var/www/html/group3/system/CodeIgniter.php(306): CodeIgniter\CodeIgniter->handleRequest(NULL, Object(Config\Cache), false)
#9 /var/www/html/group3/public/index.php(45): CodeIgniter\CodeIgniter->run()
#10 {main}
CRITICAL - 2020-03-22 15:19:55 --> Table 'db.users' doesn't exist
#0 /var/www/html/group3/system/Database/MySQLi/Connection.php(330): mysqli->query('SELECT * FROM u...')
#1 /var/www/html/group3/system/Database/BaseConnection.php(738): CodeIgniter\Database\MySQLi\Connection->execute('SELECT * FROM u...')
#2 /var/www/html/group3/system/Database/BaseConnection.php(666): CodeIgniter\Database\BaseConnection->simpleQuery('SELECT * FROM u...')
#3 /var/www/html/group3/app/Models/UsersModel.php(79): CodeIgniter\Database\BaseConnection->query('SELECT * FROM u...')
#4 /var/www/html/group3/app/Controllers/Account.php(197): App\Models\UsersModel->check_credentials('user', 'user')
#5 /var/www/html/group3/system/CodeIgniter.php(910): App\Controllers\Account->authenticate()
#6 /var/www/html/group3/system/CodeIgniter.php(398): CodeIgniter\CodeIgniter->runController(Object(App\Controllers\Account))
#7 /var/www/html/group3/system/CodeIgniter.php(306): CodeIgniter\CodeIgniter->handleRequest(NULL, Object(Config\Cache), false)
#8 /var/www/html/group3/public/index.php(45): CodeIgniter\CodeIgniter->run()
#9 {main}
